<?xml version="1.0" encoding="UTF-8"?>
<!-- Generated by org.testng.reporters.JUnitXMLReporter -->
<testsuite ignored="0" hostname="LAPTOP-PIV5FN12" failures="0" tests="3" name="Default test" time="0.048" errors="0" timestamp="2020-06-14T11:18:41 IST">
  <testcase classname="cts.automation.courseraWebAutomation.execute.TestCases" name="@BeforeClass beforeClass" time="-1.592113721801E9">
    <failure type="org.testng.TestNGException" message="
Parameter &amp;apos;browserName&amp;apos; is required by BeforeClass on method beforeClass but has not been marked @Optional or defined
in C:\Users\asus\AppData\Local\Temp\testng-eclipse-1112170508\testng-customsuite.xml">
      <![CDATA[org.testng.TestNGException: 
Parameter 'browserName' is required by BeforeClass on method beforeClass but has not been marked @Optional or defined
in C:\Users\asus\AppData\Local\Temp\testng-eclipse-1112170508\testng-customsuite.xml
at org.testng.internal.Parameters.createParams(Parameters.java:272)
at org.testng.internal.Parameters.createParametersForMethod(Parameters.java:360)
at org.testng.internal.Parameters.createParameters(Parameters.java:704)
at org.testng.internal.Parameters.createConfigurationParameters(Parameters.java:166)
at org.testng.internal.ConfigInvoker.invokeConfigurations(ConfigInvoker.java:283)
at org.testng.internal.TestMethodWorker.invokeBeforeClassMethods(TestMethodWorker.java:176)
at org.testng.internal.TestMethodWorker.run(TestMethodWorker.java:122)
at java.base/java.util.ArrayList.forEach(ArrayList.java:1507)
at org.testng.TestRunner.privateRun(TestRunner.java:766)
at org.testng.TestRunner.run(TestRunner.java:587)
at org.testng.SuiteRunner.runTest(SuiteRunner.java:384)
at org.testng.SuiteRunner.runSequentially(SuiteRunner.java:378)
at org.testng.SuiteRunner.privateRun(SuiteRunner.java:337)
at org.testng.SuiteRunner.run(SuiteRunner.java:286)
at org.testng.SuiteRunnerWorker.runSuite(SuiteRunnerWorker.java:53)
at org.testng.SuiteRunnerWorker.run(SuiteRunnerWorker.java:96)
at org.testng.TestNG.runSuitesSequentially(TestNG.java:1187)
at org.testng.TestNG.runSuitesLocally(TestNG.java:1109)
at org.testng.TestNG.runSuites(TestNG.java:1039)
at org.testng.TestNG.run(TestNG.java:1007)
at org.testng.remote.AbstractRemoteTestNG.run(AbstractRemoteTestNG.java:115)
at org.testng.remote.RemoteTestNG.initAndRun(RemoteTestNG.java:251)
at org.testng.remote.RemoteTestNG.main(RemoteTestNG.java:77)
]]>
    </failure>
  </testcase> <!-- @BeforeClass beforeClass -->
  <testcase classname="cts.automation.courseraWebAutomation.execute.TestCases" name="@AfterClass afterClass" time="-1.592113721833E9">
    <skipped/>
  </testcase> <!-- @AfterClass afterClass -->
  <testcase classname="cts.automation.courseraWebAutomation.execute.TestCases" name="coursesSearched" time="0.0">
    <skipped/>
  </testcase> <!-- coursesSearched -->
  <testcase classname="cts.automation.courseraWebAutomation.execute.TestCases" name="totalCourses" time="0.0">
    <skipped/>
  </testcase> <!-- totalCourses -->
  <testcase classname="cts.automation.courseraWebAutomation.execute.TestCases" name="errorMessage" time="0.0">
    <skipped/>
  </testcase> <!-- errorMessage -->
</testsuite> <!-- Default test -->
